1024, 8,      0.023
1024, 16,      0.019
1024, 32,      0.017
1024, 64,      0.021
1024, 128,      0.023
1024, 256,      0.022
1024, 512,      0.022
2048, 8,      0.044
2048, 16,      0.044
2048, 32,      0.045
2048, 64,      0.043
2048, 128,      0.045
2048, 256,      0.045
2048, 512,      0.046
4096, 8,      0.091
4096, 16,      0.088
4096, 32,      0.092
4096, 64,      0.090
4096, 128,      0.089
4096, 256,      0.092
4096, 512,      0.089
8192, 8,      0.183
8192, 16,      0.177
8192, 32,      0.180
8192, 64,      0.181
8192, 128,      0.181
8192, 256,      0.177
8192, 512,      0.176
16384, 8,      0.340
16384, 16,      0.346
16384, 32,      0.365
16384, 64,      0.354
16384, 128,      0.343
16384, 256,      0.350
16384, 512,      0.366
32768, 8,      0.656
32768, 16,      0.689
32768, 32,      0.735
32768, 64,      0.737
32768, 128,      0.730
32768, 256,      0.715
32768, 512,      0.738
65536, 8,      1.156
65536, 16,      1.283
65536, 32,      1.393
65536, 64,      1.410
65536, 128,      1.451
65536, 256,      1.481
65536, 512,      1.451
131072, 8,      1.861
131072, 16,      2.297
131072, 32,      2.516
131072, 64,      2.707
131072, 128,      2.797
131072, 256,      2.859
131072, 512,      2.805
262144, 8,      0.958
262144, 16,      1.066
262144, 32,      1.147
262144, 64,      1.172
262144, 128,      1.158
262144, 256,      1.203
262144, 512,      1.216
524288, 8,      1.616
524288, 16,      1.884
524288, 32,      2.132
524288, 64,      2.256
524288, 128,      2.390
524288, 256,      2.374
524288, 512,      2.383
1048576, 8,      2.353
1048576, 16,      3.153
1048576, 32,      3.873
1048576, 64,      4.237
1048576, 128,      4.402
1048576, 256,      4.431
1048576, 512,      4.570
2097152, 8,      3.162
2097152, 16,      4.787
2097152, 32,      6.405
2097152, 64,      7.537
2097152, 128,      8.025
2097152, 256,      7.953
2097152, 512,      8.248
4194304, 8,      3.772
4194304, 16,      6.144
4194304, 32,      8.986
4194304, 64,      3.868
4194304, 128,     13.499
4194304, 256,     13.511
4194304, 512,     13.558
8388608, 8,      4.138
8388608, 16,      7.285
8388608, 32,     10.713
8388608, 64,     16.382
8388608, 128,     19.681
8388608, 256,     19.771
8388608, 512,     20.502
1024, 8,      0.021
1024, 16,      0.023
1024, 32,      0.021
1024, 64,      0.020
1024, 128,      0.022
1024, 256,      0.022
1024, 512,      0.022
2048, 8,      0.044
2048, 16,      0.043
2048, 32,      0.045
2048, 64,      0.044
2048, 128,      0.045
2048, 256,      0.039
2048, 512,      0.043
4096, 8,      0.087
4096, 16,      0.086
4096, 32,      0.085
4096, 64,      0.086
4096, 128,      0.086
4096, 256,      0.087
4096, 512,      0.086
8192, 8,      0.176
8192, 16,      0.179
8192, 32,      0.180
8192, 64,      0.169
8192, 128,      0.179
8192, 256,      0.173
8192, 512,      0.181
16384, 8,      0.338
16384, 16,      0.342
16384, 32,      0.298
16384, 64,      0.360
16384, 128,      0.349
16384, 256,      0.309
16384, 512,      0.361
32768, 8,      0.638
32768, 16,      0.708
32768, 32,      0.714
32768, 64,      0.733
32768, 128,      0.732
32768, 256,      0.711
32768, 512,      0.744
65536, 8,      1.172
65536, 16,      1.303
65536, 32,      1.374
65536, 64,      1.397
65536, 128,      1.433
65536, 256,      1.435
65536, 512,      1.353
131072, 8,      1.814
131072, 16,      2.279
131072, 32,      2.588
131072, 64,      2.784
131072, 128,      2.956
131072, 256,      2.917
131072, 512,      2.947
262144, 8,      2.680
262144, 16,      3.735
262144, 32,      4.540
262144, 64,      5.087
262144, 128,      5.602
262144, 256,      5.704
262144, 512,      5.781
524288, 8,      1.583
524288, 16,      1.918
524288, 32,      2.103
524288, 64,      2.290
524288, 128,      2.215
524288, 256,      0.373
524288, 512,      2.245
1048576, 8,      2.318
1048576, 16,      3.139
1048576, 32,      3.659
1048576, 64,      4.145
1048576, 128,      4.136
1048576, 256,      4.180
1048576, 512,      4.239
2097152, 8,      3.206
2097152, 16,      4.706
2097152, 32,      6.343
2097152, 64,      7.470
2097152, 128,      7.812
2097152, 256,      7.812
2097152, 512,      7.396
4194304, 8,      3.780
4194304, 16,      6.158
4194304, 32,      9.094
4194304, 64,     11.467
4194304, 128,     12.227
4194304, 256,     12.512
4194304, 512,     12.127
8388608, 8,      4.095
8388608, 16,      7.122
8388608, 32,      5.393
8388608, 64,     15.914
8388608, 128,     17.430
8388608, 256,     17.263
8388608, 512,     16.936
1024, 32,      0.020
1024, 64,      0.022
1024, 128,      0.022
1024, 256,      0.022
2048, 32,      0.045
2048, 64,      0.044
2048, 128,      0.046
2048, 256,      0.045
4096, 32,      0.090
4096, 64,      0.089
4096, 128,      0.092
4096, 256,      0.090
8192, 32,      0.183
8192, 64,      0.180
8192, 128,      0.186
8192, 256,      0.183
16384, 32,      0.363
16384, 64,      0.362
16384, 128,      0.355
16384, 256,      0.359
32768, 32,      0.728
32768, 64,      0.740
32768, 128,      0.755
32768, 256,      0.741
65536, 32,      1.427
65536, 64,      1.422
65536, 128,      1.409
65536, 256,      1.408
131072, 32,      2.553
131072, 64,      2.700
131072, 128,      2.740
131072, 256,      2.855
262144, 32,      1.157
262144, 64,      1.143
262144, 128,      1.168
262144, 256,      1.205
524288, 32,      0.454
524288, 64,      2.309
524288, 128,      2.406
524288, 256,      2.409
1048576, 32,      3.590
1048576, 64,      4.145
1048576, 128,      4.533
1048576, 256,      4.580
2097152, 32,      6.317
2097152, 64,      7.453
2097152, 128,      3.973
2097152, 256,      8.269
4194304, 32,      4.470
4194304, 64,     10.960
4194304, 128,     13.868
4194304, 256,     13.395
8388608, 32,     11.393
8388608, 64,     16.342
8388608, 128,     19.687
8388608, 256,     20.250
